0 info it worked if it ends with ok
1 verbose cli [ '/usr/local/bin/node',
1 verbose cli   '/usr/local/bin/npm',
1 verbose cli   'run',
1 verbose cli   'watch-client' ]
2 info using npm@3.10.3
3 info using node@v6.3.0
4 verbose run-script [ 'prewatch-client', 'watch-client', 'postwatch-client' ]
5 info lifecycle ep-public@0.0.1~prewatch-client: ep-public@0.0.1
6 silly lifecycle ep-public@0.0.1~prewatch-client: no script for prewatch-client, continuing
7 info lifecycle ep-public@0.0.1~watch-client: ep-public@0.0.1
8 verbose lifecycle ep-public@0.0.1~watch-client: unsafe-perm in lifecycle true
9 verbose lifecycle ep-public@0.0.1~watch-client: PATH: /usr/local/lib/node_modules/npm/bin/node-gyp-bin:/Users/e-ports/Desktop/GitLab/ep-public/node_modules/.bin:/usr/local/bin:/usr/local/lib/node_modules/npm/bin/node-gyp-bin:/Users/e-ports/Desktop/GitLab/ep-public/node_modules/.bin:/usr/local/bin:/usr/local/bin:/usr/bin:/bin:/usr/sbin:/sbin
10 verbose lifecycle ep-public@0.0.1~watch-client: CWD: /Users/e-ports/Desktop/GitLab/ep-public
11 silly lifecycle ep-public@0.0.1~watch-client: Args: [ '-c', 'better-npm-run watch-client' ]
12 silly lifecycle ep-public@0.0.1~watch-client: Returned: code: 1  signal: null
13 info lifecycle ep-public@0.0.1~watch-client: Failed to exec watch-client script
14 verbose stack Error: ep-public@0.0.1 watch-client: `better-npm-run watch-client`
14 verbose stack Exit status 1
14 verbose stack     at EventEmitter.<anonymous> (/usr/local/lib/node_modules/npm/lib/utils/lifecycle.js:242:16)
14 verbose stack     at emitTwo (events.js:106:13)
14 verbose stack     at EventEmitter.emit (events.js:191:7)
14 verbose stack     at ChildProcess.<anonymous> (/usr/local/lib/node_modules/npm/lib/utils/spawn.js:40:14)
14 verbose stack     at emitTwo (events.js:106:13)
14 verbose stack     at ChildProcess.emit (events.js:191:7)
14 verbose stack     at maybeClose (internal/child_process.js:852:16)
14 verbose stack     at Process.ChildProcess._handle.onexit (internal/child_process.js:215:5)
15 verbose pkgid ep-public@0.0.1
16 verbose cwd /Users/e-ports/Desktop/GitLab/ep-public
17 error Darwin 15.0.0
18 error argv "/usr/local/bin/node" "/usr/local/bin/npm" "run" "watch-client"
19 error node v6.3.0
20 error npm  v3.10.3
21 error code ELIFECYCLE
22 error ep-public@0.0.1 watch-client: `better-npm-run watch-client`
22 error Exit status 1
23 error Failed at the ep-public@0.0.1 watch-client script 'better-npm-run watch-client'.
23 error Make sure you have the latest version of node.js and npm installed.
23 error If you do, this is most likely a problem with the ep-public package,
23 error not with npm itself.
23 error Tell the author that this fails on your system:
23 error     better-npm-run watch-client
23 error You can get information on how to open an issue for this project with:
23 error     npm bugs ep-public
23 error Or if that isn't available, you can get their info via:
23 error     npm owner ls ep-public
23 error There is likely additional logging output above.
24 verbose exit [ 1, true ]
